<?xml version="1.0" encoding="UTF-8"?>
<!-- Generated by org.testng.reporters.JUnitReportReporter -->
<testsuite hostname="EliteBook" failures="0" tests="4" name="com.techblog.testscripts.TestClassSortCategory" time="43.299" errors="0" timestamp="2023-03-01T00:25:53 IST" skipped="0">
  <testcase classname="com.techblog.testscripts.TestClassSortCategory" name="sortCategoryByAnyUser" time="5.996"/>
  <system-out/>
  <testcase classname="com.techblog.testscripts.TestClassSortCategory" name="sortCategoryByAdmin" time="11.963"/>
  <system-out/>
  <testcase classname="com.techblog.testscripts.TestClassSortCategory" name="sortCategoryByUser" time="12.678"/>
  <system-out/>
  <testcase classname="com.techblog.testscripts.TestClassSortCategory" name="sortCategoryByTrainer" time="12.662"/>
  <system-out/>
</testsuite> <!-- com.techblog.testscripts.TestClassSortCategory -->
