<?xml version="1.0" encoding="UTF-8"?>
<!-- Generated by org.testng.reporters.JUnitReportReporter -->
<testsuite hostname="EliteBook" failures="0" tests="3" name="com.techblog.testscripts.TestClassLogin" time="30.343" errors="0" timestamp="2023-03-01T00:30:13 IST" skipped="0">
  <testcase classname="com.techblog.testscripts.TestClassLogin" name="LoginAdmin" time="12.767"/>
  <system-out/>
  <testcase classname="com.techblog.testscripts.TestClassLogin" name="LoginUser" time="8.942"/>
  <system-out/>
  <testcase classname="com.techblog.testscripts.TestClassLogin" name="LoginTrainer" time="8.634"/>
  <system-out/>
</testsuite> <!-- com.techblog.testscripts.TestClassLogin -->
