<?xml version="1.0" encoding="UTF-8"?>
<!-- Generated by org.testng.reporters.JUnitReportReporter -->
<testsuite hostname="EliteBook" failures="0" tests="1" name="com.techblog.testscripts.TestBase" time="7.461" errors="0" timestamp="2023-02-21T00:00:39 IST" skipped="0">
  <testcase classname="com.techblog.testscripts.TestBase" name="onSetup" time="7.461"/>
  <system-out/>
</testsuite> <!-- com.techblog.testscripts.TestBase -->
