<?xml version="1.0" encoding="UTF-8"?>
<!-- Generated by org.testng.reporters.JUnitReportReporter -->
<testsuite hostname="EliteBook" failures="0" tests="2" name="com.techblog.testscripts.TestClassAddCat" time="17.416" errors="0" timestamp="2023-03-01T00:19:30 IST" skipped="0">
  <testcase classname="com.techblog.testscripts.TestClassAddCat" name="AddCat" time="9.042"/>
  <system-out/>
  <testcase classname="com.techblog.testscripts.TestClassAddCat" name="RemCat" time="8.374"/>
  <system-out/>
</testsuite> <!-- com.techblog.testscripts.TestClassAddCat -->
