<?xml version="1.0" encoding="UTF-8"?>
<!-- Generated by org.testng.reporters.JUnitReportReporter -->
<testsuite hostname="EliteBook" failures="0" tests="3" name="com.techblog.testscripts.TestClassCreateBlog" time="56.906" errors="0" timestamp="2023-03-01T00:31:33 IST" skipped="0">
  <testcase classname="com.techblog.testscripts.TestClassCreateBlog" name="AdminNewBlog" time="21.046"/>
  <system-out/>
  <testcase classname="com.techblog.testscripts.TestClassCreateBlog" name="USerNewBlog" time="17.151"/>
  <system-out/>
  <testcase classname="com.techblog.testscripts.TestClassCreateBlog" name="TrainerNewBlog" time="18.709"/>
  <system-out/>
</testsuite> <!-- com.techblog.testscripts.TestClassCreateBlog -->
