<?xml version="1.0" encoding="UTF-8"?>
<!-- Generated by org.testng.reporters.JUnitReportReporter -->
<testsuite hostname="EliteBook" failures="0" tests="3" name="com.techblog.testscripts.TestClassLogout" time="15.205" errors="0" timestamp="2023-03-01T00:28:59 IST" skipped="0">
  <testcase classname="com.techblog.testscripts.TestClassLogout" name="AdminLogout" time="4.884"/>
  <system-out/>
  <testcase classname="com.techblog.testscripts.TestClassLogout" name="UserLogout" time="5.743"/>
  <system-out/>
  <testcase classname="com.techblog.testscripts.TestClassLogout" name="TrainerLogout" time="4.578"/>
  <system-out/>
</testsuite> <!-- com.techblog.testscripts.TestClassLogout -->
