<?xml version="1.0" encoding="UTF-8"?>
<!-- Generated by org.testng.reporters.JUnitReportReporter -->
<testsuite hostname="EliteBook" failures="0" tests="2" name="com.techblog.testscripts.TestClassAdminApprove" time="34.351" errors="0" timestamp="2023-03-01T00:32:30 IST" skipped="0">
  <testcase classname="com.techblog.testscripts.TestClassAdminApprove" name="TestClassApprove" time="15.322"/>
  <system-out/>
  <testcase classname="com.techblog.testscripts.TestClassAdminApprove" name="TestClassReject" time="19.029"/>
  <system-out/>
</testsuite> <!-- com.techblog.testscripts.TestClassAdminApprove -->
